<?xml version="1.0" encoding="UTF-8"?>
<!-- Generated by org.testng.reporters.JUnitReportReporter -->
<testsuite hostname="Devdeep" failures="0" tests="1" name="testCaseExecutor.GetAPITest" time="1.774" errors="0" timestamp="2021-05-28T01:36:38 IST" skipped="0">
  <testcase classname="testCaseExecutor.GetAPITest" name="getTest" time="1.774"/>
  <system-out/>
</testsuite> <!-- testCaseExecutor.GetAPITest -->
