<?xml version="1.0" encoding="UTF-8"?>
<!-- Generated by org.testng.reporters.JUnitReportReporter -->
<testsuite hostname="Devdeep" failures="0" tests="1" name="testCaseExecutor.GetAPITest" time="236.381" errors="0" timestamp="2021-05-28T01:19:17 IST" skipped="0">
  <testcase classname="testCaseExecutor.GetAPITest" name="getTest" time="236.381"/>
  <system-out/>
</testsuite> <!-- testCaseExecutor.GetAPITest -->
